<?xml version="1.0" encoding="UTF-8"?>
<!-- Generated by org.testng.reporters.JUnitReportReporter -->
<testsuite skipped="0" hostname="Nejlas-MacBook-Air.local" name="com.travelocity.Travelocity" tests="3" failures="0" timestamp="24 Jul 2018 23:49:37 GMT" time="96.911" errors="0">
  <testcase name="bookAFlight" time="60.133" classname="com.travelocity.Travelocity"/>
  <testcase name="rentACar" time="21.058" classname="com.travelocity.Travelocity"/>
  <testcase name="bookHotel" time="15.720" classname="com.travelocity.Travelocity"/>
</testsuite> <!-- com.travelocity.Travelocity -->
